multi-image-selector/build/intermediates/manifest_merge_blame_file/release/manifest-merger-blame-release-report.txt
1<?xml version="1.0" encoding="utf-8"?>
2<manifest xmlns:android="http://schemas.android.com/apk/res/android"
3    xmlns:tools="http://schemas.android.com/tools"
4    package="me.nereo.multi_image_selector"
5    android:versionCode="1"
6    android:versionName="1.1" >
7
8    <uses-sdk
9        android:minSdkVersion="19"
9-->src/main/AndroidManifest.xml
10        android:targetSdkVersion="29" />
10-->src/main/AndroidManifest.xml
11
12    <uses-permission android:name="android.permission.READ_EXTERNAL_STORAGE" />
12-->src/main/AndroidManifest.xml:5:5-80
12-->src/main/AndroidManifest.xml:5:22-77
13    <uses-permission android:name="android.permission.WRITE_EXTERNAL_STORAGE" />
13-->src/main/AndroidManifest.xml:6:5-81
13-->src/main/AndroidManifest.xml:6:22-78
14
15    <application android:allowBackup="true" >
15-->src/main/AndroidManifest.xml:8:5-24:19
15-->src/main/AndroidManifest.xml:8:18-44
16        <provider
16-->src/main/AndroidManifest.xml:9:9-19:20
17            android:name="android.support.v4.content.FileProvider"
17-->src/main/AndroidManifest.xml:10:13-67
18            android:authorities="dollar_openBracket_applicationId_closeBracket.provider"
18-->src/main/AndroidManifest.xml:11:13-60
19            android:exported="false"
19-->src/main/AndroidManifest.xml:12:13-37
20            android:grantUriPermissions="true"
20-->src/main/AndroidManifest.xml:13:13-47
21            tools:replace="android:authorities" >
21-->src/main/AndroidManifest.xml:14:13-48
22            <meta-data
22-->src/main/AndroidManifest.xml:15:13-18:51
23                android:name="android.support.FILE_PROVIDER_PATHS"
23-->src/main/AndroidManifest.xml:16:17-67
24                android:resource="@xml/file_paths"
24-->src/main/AndroidManifest.xml:17:17-51
25                tools:replace="android:resource" />
25-->src/main/AndroidManifest.xml:18:17-49
26        </provider>
27
28        <activity
28-->src/main/AndroidManifest.xml:20:9-22:87
29            android:name="me.nereo.multi_image_selector.MultiImageSelectorActivity"
29-->src/main/AndroidManifest.xml:22:13-84
30            android:configChanges="orientation|screenSize" />
30-->src/main/AndroidManifest.xml:21:13-59
31    </application>
32
33</manifest>